/home/sihoon/works/DeepWNCS/run_Latent_ODE.py
run_Latent_ODE.py --niters 500 -n 1000 -l 10 --dataset periodic --latent-ode
Experiment 75229
Epoch 0001 [Test seq (cond on sampled tp)] | Loss 2466.488770 | Likelihood -2473.822510 | KL fp 5.5904 | FP STD 1.1485|
KL coef: 0.0
Train loss (one batch): 2468.57861328125
Train CE loss (one batch): 0.0
Test MSE: 0.4955
Poisson likelihood: 0.0
CE loss: 0.0
Experiment 75229
Epoch 0002 [Test seq (cond on sampled tp)] | Loss 2392.284912 | Likelihood -2396.355957 | KL fp 6.1187 | FP STD 0.9432|
KL coef: 0.0
Train loss (one batch): 2393.29345703125
Train CE loss (one batch): 0.0
Test MSE: 0.4800
Poisson likelihood: 0.0
CE loss: 0.0
Experiment 75229
Epoch 0003 [Test seq (cond on sampled tp)] | Loss 2329.421631 | Likelihood -2330.763428 | KL fp 6.3294 | FP STD 0.7078|
KL coef: 0.0
Train loss (one batch): 2342.34521484375
Train CE loss (one batch): 0.0
Test MSE: 0.4669
Poisson likelihood: 0.0
CE loss: 0.0
Experiment 75229
Epoch 0004 [Test seq (cond on sampled tp)] | Loss 2320.918213 | Likelihood -2323.025391 | KL fp 6.2632 | FP STD 0.6066|
KL coef: 0.0
Train loss (one batch): 2323.50244140625
Train CE loss (one batch): 0.0
Test MSE: 0.4653
Poisson likelihood: 0.0
CE loss: 0.0
Experiment 75229
Epoch 0005 [Test seq (cond on sampled tp)] | Loss 2313.807861 | Likelihood -2315.169434 | KL fp 6.3842 | FP STD 0.4855|
KL coef: 0.0
Train loss (one batch): 2312.930419921875
Train CE loss (one batch): 0.0
Test MSE: 0.4638
Poisson likelihood: 0.0
CE loss: 0.0
Experiment 75229
Epoch 0006 [Test seq (cond on sampled tp)] | Loss 2300.912109 | Likelihood -2302.090820 | KL fp 6.2437 | FP STD 0.4335|
KL coef: 0.0
Train loss (one batch): 2300.947021484375
Train CE loss (one batch): 0.0
Test MSE: 0.4612
Poisson likelihood: 0.0
CE loss: 0.0
Experiment 75229
Epoch 0007 [Test seq (cond on sampled tp)] | Loss 2289.958740 | Likelihood -2291.212402 | KL fp 6.8000 | FP STD 0.3419|
KL coef: 0.0
Train loss (one batch): 2296.17138671875
Train CE loss (one batch): 0.0
Test MSE: 0.4590
Poisson likelihood: 0.0
CE loss: 0.0
Experiment 75229
Epoch 0008 [Test seq (cond on sampled tp)] | Loss 2278.869629 | Likelihood -2280.053711 | KL fp 6.9207 | FP STD 0.2930|
KL coef: 0.0
Train loss (one batch): 2283.3212890625
Train CE loss (one batch): 0.0
Test MSE: 0.4567
Poisson likelihood: 0.0
CE loss: 0.0
Experiment 75229
Epoch 0009 [Test seq (cond on sampled tp)] | Loss 2267.770508 | Likelihood -2269.323730 | KL fp 7.2228 | FP STD 0.2278|
KL coef: 0.0
Train loss (one batch): 2270.39794921875
Train CE loss (one batch): 0.0
Test MSE: 0.4546
Poisson likelihood: 0.0
CE loss: 0.0
Experiment 75229
Epoch 0010 [Test seq (cond on sampled tp)] | Loss 2250.824463 | Likelihood -2252.237061 | KL fp 7.4228 | FP STD 0.1798|
KL coef: 0.0
Train loss (one batch): 2254.137939453125
Train CE loss (one batch): 0.0
Test MSE: 0.4512
Poisson likelihood: 0.0
CE loss: 0.0
Experiment 75229
Epoch 0011 [Test seq (cond on sampled tp)] | Loss 2239.290527 | Likelihood -2240.589600 | KL fp 6.9354 | FP STD 0.1891|
KL coef: 0.010000000000000009
Train loss (one batch): 2247.826171875
Train CE loss (one batch): 0.0
Test MSE: 0.4489
Poisson likelihood: 0.0
CE loss: 0.0
Experiment 75229
Epoch 0012 [Test seq (cond on sampled tp)] | Loss 2207.216553 | Likelihood -2208.548828 | KL fp 7.1935 | FP STD 0.1550|
KL coef: 0.01990000000000003
Train loss (one batch): 2213.724853515625
Train CE loss (one batch): 0.0
Test MSE: 0.4424
Poisson likelihood: 0.0
CE loss: 0.0
Experiment 75229
Epoch 0013 [Test seq (cond on sampled tp)] | Loss 2208.111572 | Likelihood -2209.737793 | KL fp 6.6768 | FP STD 0.1664|
KL coef: 0.029700999999999977
Train loss (one batch): 2208.65625
Train CE loss (one batch): 0.0
Test MSE: 0.4427
Poisson likelihood: 0.0
CE loss: 0.0
Experiment 75229
Epoch 0014 [Test seq (cond on sampled tp)] | Loss 2183.216797 | Likelihood -2185.290771 | KL fp 6.6442 | FP STD 0.1740|
KL coef: 0.039403990000000055
Train loss (one batch): 2182.241943359375
Train CE loss (one batch): 0.0
Test MSE: 0.4378
Poisson likelihood: 0.0
CE loss: 0.0
Experiment 75229
Epoch 0015 [Test seq (cond on sampled tp)] | Loss 2157.581299 | Likelihood -2158.557373 | KL fp 7.1067 | FP STD 0.1405|
KL coef: 0.04900995010000009
Train loss (one batch): 2157.405029296875
Train CE loss (one batch): 0.0
Test MSE: 0.4324
Poisson likelihood: 0.0
CE loss: 0.0
Experiment 75229
Epoch 0016 [Test seq (cond on sampled tp)] | Loss 2150.491943 | Likelihood -2151.532227 | KL fp 6.9342 | FP STD 0.1063|
KL coef: 0.058519850599
Train loss (one batch): 2151.520263671875
Train CE loss (one batch): 0.0
Test MSE: 0.4310
Poisson likelihood: 0.0
CE loss: 0.0
Experiment 75229
Epoch 0017 [Test seq (cond on sampled tp)] | Loss 2128.572998 | Likelihood -2129.566895 | KL fp 6.8505 | FP STD 0.0921|
KL coef: 0.06793465209301008
Train loss (one batch): 2124.61572265625
Train CE loss (one batch): 0.0
Test MSE: 0.4267
Poisson likelihood: 0.0
CE loss: 0.0
Experiment 75229
Epoch 0018 [Test seq (cond on sampled tp)] | Loss 2092.778076 | Likelihood -2093.576904 | KL fp 7.1646 | FP STD 0.0807|
KL coef: 0.07725530557207994
Train loss (one batch): 2086.55712890625
Train CE loss (one batch): 0.0
Test MSE: 0.4195
Poisson likelihood: 0.0
CE loss: 0.0
Experiment 75229
Epoch 0019 [Test seq (cond on sampled tp)] | Loss 2055.373047 | Likelihood -2056.655518 | KL fp 7.2571 | FP STD 0.0901|
KL coef: 0.08648275251635917
Train loss (one batch): 2049.1083984375
Train CE loss (one batch): 0.0
Test MSE: 0.4121
Poisson likelihood: 0.0
CE loss: 0.0
Experiment 75229
Epoch 0020 [Test seq (cond on sampled tp)] | Loss 2004.015503 | Likelihood -2006.721558 | KL fp 7.2194 | FP STD 0.0723|
KL coef: 0.09561792499119559
Train loss (one batch): 2000.7593994140625
Train CE loss (one batch): 0.0
Test MSE: 0.4021
Poisson likelihood: 0.0
CE loss: 0.0
Experiment 75229
Epoch 0021 [Test seq (cond on sampled tp)] | Loss 1944.020630 | Likelihood -1944.429688 | KL fp 7.3624 | FP STD 0.0851|
KL coef: 0.10466174574128362
Train loss (one batch): 1943.631591796875
Train CE loss (one batch): 0.0
Test MSE: 0.3896
Poisson likelihood: 0.0
CE loss: 0.0
Experiment 75229
Epoch 0022 [Test seq (cond on sampled tp)] | Loss 1825.962646 | Likelihood -1831.870850 | KL fp 6.7826 | FP STD 0.0942|
KL coef: 0.11361512828387077
Train loss (one batch): 1818.2445068359375
Train CE loss (one batch): 0.0
Test MSE: 0.3671
Poisson likelihood: 0.0
CE loss: 0.0
Experiment 75229
Epoch 0023 [Test seq (cond on sampled tp)] | Loss 1572.415161 | Likelihood -1574.187012 | KL fp 5.5135 | FP STD 0.1128|
KL coef: 0.12247897700103216
Train loss (one batch): 1540.3125
Train CE loss (one batch): 0.0
Test MSE: 0.3156
Poisson likelihood: 0.0
CE loss: 0.0
Experiment 75229
Epoch 0024 [Test seq (cond on sampled tp)] | Loss 1161.812622 | Likelihood -1174.307129 | KL fp 5.3776 | FP STD 0.1325|
KL coef: 0.13125418723102178
Train loss (one batch): 1411.621826171875
Train CE loss (one batch): 0.0
Test MSE: 0.2356
Poisson likelihood: 0.0
CE loss: 0.0
Experiment 75229
Epoch 0025 [Test seq (cond on sampled tp)] | Loss 1860.131592 | Likelihood -1873.288818 | KL fp 4.6647 | FP STD 0.3063|
KL coef: 0.13994164535871156
Train loss (one batch): 1708.2039794921875
Train CE loss (one batch): 0.0
Test MSE: 0.3754
Poisson likelihood: 0.0
CE loss: 0.0
Experiment 75229
Epoch 0026 [Test seq (cond on sampled tp)] | Loss 1667.661255 | Likelihood -1684.375732 | KL fp 4.5866 | FP STD 0.1855|
KL coef: 0.14854222890512447
Train loss (one batch): 1675.1689453125
Train CE loss (one batch): 0.0
Test MSE: 0.3376
Poisson likelihood: 0.0
CE loss: 0.0
Experiment 75229
Epoch 0027 [Test seq (cond on sampled tp)] | Loss 1001.674683 | Likelihood -1015.845642 | KL fp 5.2336 | FP STD 0.0763|
KL coef: 0.15705680661607324
Train loss (one batch): 1129.3365478515625
Train CE loss (one batch): 0.0
Test MSE: 0.2039
Poisson likelihood: 0.0
CE loss: 0.0
Experiment 75229
Epoch 0028 [Test seq (cond on sampled tp)] | Loss 1117.309326 | Likelihood -1128.999268 | KL fp 5.5284 | FP STD 0.0750|
KL coef: 0.1654862385499125
Train loss (one batch): 911.333984375
Train CE loss (one batch): 0.0
Test MSE: 0.2265
Poisson likelihood: 0.0
CE loss: 0.0
Experiment 75229
Epoch 0029 [Test seq (cond on sampled tp)] | Loss 526.561157 | Likelihood -532.678650 | KL fp 4.7052 | FP STD 0.0952|
KL coef: 0.17383137616441335
Train loss (one batch): 684.999755859375
Train CE loss (one batch): 0.0
Test MSE: 0.1073
Poisson likelihood: 0.0
CE loss: 0.0
Experiment 75229
Epoch 0030 [Test seq (cond on sampled tp)] | Loss 644.942078 | Likelihood -654.898132 | KL fp 4.1720 | FP STD 0.1221|
KL coef: 0.18209306240276923
Train loss (one batch): 989.3894653320312
Train CE loss (one batch): 0.0
Test MSE: 0.1317
Poisson likelihood: 0.0
CE loss: 0.0
Experiment 75229
Epoch 0031 [Test seq (cond on sampled tp)] | Loss 691.387573 | Likelihood -697.642456 | KL fp 4.9943 | FP STD 0.0572|
KL coef: 0.19027213177874158
Train loss (one batch): 487.79437255859375
Train CE loss (one batch): 0.0
Test MSE: 0.1403
Poisson likelihood: 0.0
CE loss: 0.0
Experiment 75229
Epoch 0032 [Test seq (cond on sampled tp)] | Loss 736.280823 | Likelihood -746.839233 | KL fp 4.8662 | FP STD 0.0568|
KL coef: 0.19836941046095413
Train loss (one batch): 478.3642272949219
Train CE loss (one batch): 0.0
Test MSE: 0.1501
Poisson likelihood: 0.0
CE loss: 0.0
Experiment 75229
Epoch 0033 [Test seq (cond on sampled tp)] | Loss 410.587585 | Likelihood -413.198425 | KL fp 4.8042 | FP STD 0.0690|
KL coef: 0.20638571635634462
Train loss (one batch): 354.0945739746094
Train CE loss (one batch): 0.0
Test MSE: 0.0834
Poisson likelihood: 0.0
CE loss: 0.0
Experiment 75229
Epoch 0034 [Test seq (cond on sampled tp)] | Loss 455.735596 | Likelihood -472.127533 | KL fp 4.1716 | FP STD 0.0882|
KL coef: 0.21432185919278124
Train loss (one batch): 1227.8021240234375
Train CE loss (one batch): 0.0
Test MSE: 0.0952
Poisson likelihood: 0.0
CE loss: 0.0
Experiment 75229
Epoch 0035 [Test seq (cond on sampled tp)] | Loss 356.424438 | Likelihood -358.043549 | KL fp 4.7198 | FP STD 0.0619|
KL coef: 0.22217864060085335
Train loss (one batch): 571.0314331054688
Train CE loss (one batch): 0.0
Test MSE: 0.0723
Poisson likelihood: 0.0
CE loss: 0.0
Experiment 75229
Epoch 0036 [Test seq (cond on sampled tp)] | Loss 294.162567 | Likelihood -296.219238 | KL fp 5.0089 | FP STD 0.0382|
KL coef: 0.2299568541948449
Train loss (one batch): 261.1604309082031
Train CE loss (one batch): 0.0
Test MSE: 0.0600
Poisson likelihood: 0.0
CE loss: 0.0
Experiment 75229
Epoch 0037 [Test seq (cond on sampled tp)] | Loss 339.493896 | Likelihood -342.863617 | KL fp 5.1225 | FP STD 0.0325|
KL coef: 0.23765728565289646
Train loss (one batch): 259.22418212890625
Train CE loss (one batch): 0.0
Test MSE: 0.0693
Poisson likelihood: 0.0
CE loss: 0.0
Experiment 75229
Epoch 0038 [Test seq (cond on sampled tp)] | Loss 289.930695 | Likelihood -292.056458 | KL fp 5.1809 | FP STD 0.0306|
KL coef: 0.24528071279636743
Train loss (one batch): 239.20620727539062
Train CE loss (one batch): 0.0
Test MSE: 0.0591
Poisson likelihood: 0.0
CE loss: 0.0
Experiment 75229
Epoch 0039 [Test seq (cond on sampled tp)] | Loss 223.880295 | Likelihood -230.199448 | KL fp 4.5678 | FP STD 0.0494|
KL coef: 0.25282790566840385
Train loss (one batch): 211.12022399902344
Train CE loss (one batch): 0.0
Test MSE: 0.0468
Poisson likelihood: 0.0
CE loss: 0.0
Experiment 75229
Epoch 0040 [Test seq (cond on sampled tp)] | Loss 345.744446 | Likelihood -351.872864 | KL fp 4.7039 | FP STD 0.0417|
KL coef: 0.2602996266117198
Train loss (one batch): 296.1689453125
Train CE loss (one batch): 0.0
Test MSE: 0.0711
Poisson likelihood: 0.0
CE loss: 0.0
Experiment 75229
Epoch 0041 [Test seq (cond on sampled tp)] | Loss 243.571686 | Likelihood -245.204010 | KL fp 5.1711 | FP STD 0.0306|
KL coef: 0.26769663034560254
Train loss (one batch): 255.7058868408203
Train CE loss (one batch): 0.0
Test MSE: 0.0498
Poisson likelihood: 0.0
CE loss: 0.0
Experiment 75229
Epoch 0042 [Test seq (cond on sampled tp)] | Loss 201.194275 | Likelihood -201.308594 | KL fp 5.0729 | FP STD 0.0401|
KL coef: 0.2750196640421466
Train loss (one batch): 184.82081604003906
Train CE loss (one batch): 0.0
Test MSE: 0.0410
Poisson likelihood: 0.0
CE loss: 0.0
Experiment 75229
Epoch 0043 [Test seq (cond on sampled tp)] | Loss 407.626984 | Likelihood -417.194641 | KL fp 4.5029 | FP STD 0.0562|
KL coef: 0.2822694674017251
Train loss (one batch): 448.85980224609375
Train CE loss (one batch): 0.0
Test MSE: 0.0842
Poisson likelihood: 0.0
CE loss: 0.0
Experiment 75229
Epoch 0044 [Test seq (cond on sampled tp)] | Loss 269.474365 | Likelihood -278.190125 | KL fp 4.3615 | FP STD 0.0590|
KL coef: 0.2894467727277079
Train loss (one batch): 281.5880432128906
Train CE loss (one batch): 0.0
Test MSE: 0.0564
Poisson likelihood: 0.0
CE loss: 0.0
Experiment 75229
Epoch 0045 [Test seq (cond on sampled tp)] | Loss 223.338760 | Likelihood -225.853149 | KL fp 4.7226 | FP STD 0.0378|
KL coef: 0.29655230500043084
Train loss (one batch): 182.91551208496094
Train CE loss (one batch): 0.0
Test MSE: 0.0459
Poisson likelihood: 0.0
CE loss: 0.0
Experiment 75229
Epoch 0046 [Test seq (cond on sampled tp)] | Loss 186.076523 | Likelihood -185.815552 | KL fp 4.9003 | FP STD 0.0334|
KL coef: 0.30358678195042654
Train loss (one batch): 232.0994110107422
Train CE loss (one batch): 0.0
Test MSE: 0.0379
Poisson likelihood: 0.0
CE loss: 0.0
Experiment 75229
Epoch 0047 [Test seq (cond on sampled tp)] | Loss 172.239380 | Likelihood -172.527802 | KL fp 4.8511 | FP STD 0.0408|
KL coef: 0.3105509141309223
Train loss (one batch): 181.43685913085938
Train CE loss (one batch): 0.0
Test MSE: 0.0352
Poisson likelihood: 0.0
CE loss: 0.0
Experiment 75229
Epoch 0048 [Test seq (cond on sampled tp)] | Loss 192.627701 | Likelihood -193.620163 | KL fp 5.2579 | FP STD 0.0271|
KL coef: 0.31744540498961304
Train loss (one batch): 175.85977172851562
Train CE loss (one batch): 0.0
Test MSE: 0.0395
Poisson likelihood: 0.0
CE loss: 0.0
Experiment 75229
Epoch 0049 [Test seq (cond on sampled tp)] | Loss 381.806824 | Likelihood -383.755707 | KL fp 4.8444 | FP STD 0.0340|
KL coef: 0.3242709509397169
Train loss (one batch): 323.79034423828125
Train CE loss (one batch): 0.0
Test MSE: 0.0775
Poisson likelihood: 0.0
CE loss: 0.0
Experiment 75229
Epoch 0050 [Test seq (cond on sampled tp)] | Loss 317.718903 | Likelihood -320.587280 | KL fp 4.8997 | FP STD 0.0353|
KL coef: 0.3310282414303197
Train loss (one batch): 205.96849060058594
Train CE loss (one batch): 0.0
Test MSE: 0.0649
Poisson likelihood: 0.0
CE loss: 0.0
Experiment 75229
Epoch 0051 [Test seq (cond on sampled tp)] | Loss 164.234131 | Likelihood -164.194809 | KL fp 5.1750 | FP STD 0.0283|
KL coef: 0.33771795901601653
Train loss (one batch): 170.61846923828125
Train CE loss (one batch): 0.0
Test MSE: 0.0336
Poisson likelihood: 0.0
CE loss: 0.0
Experiment 75229
Epoch 0052 [Test seq (cond on sampled tp)] | Loss 157.116959 | Likelihood -156.389893 | KL fp 5.5193 | FP STD 0.0209|
KL coef: 0.3443407794258564
Train loss (one batch): 147.30409240722656
Train CE loss (one batch): 0.0
Test MSE: 0.0320
Poisson likelihood: 0.0
CE loss: 0.0
Experiment 75229
Epoch 0053 [Test seq (cond on sampled tp)] | Loss 156.983856 | Likelihood -156.850555 | KL fp 5.2374 | FP STD 0.0343|
KL coef: 0.35089737163159784
Train loss (one batch): 145.93463134765625
Train CE loss (one batch): 0.0
Test MSE: 0.0321
Poisson likelihood: 0.0
CE loss: 0.0
Experiment 75229
Epoch 0054 [Test seq (cond on sampled tp)] | Loss 148.723480 | Likelihood -147.991791 | KL fp 5.2959 | FP STD 0.0325|
KL coef: 0.3573883979152819
Train loss (one batch): 147.21131896972656
Train CE loss (one batch): 0.0
Test MSE: 0.0303
Poisson likelihood: 0.0
CE loss: 0.0
Experiment 75229
Epoch 0055 [Test seq (cond on sampled tp)] | Loss 175.736328 | Likelihood -176.482452 | KL fp 5.3528 | FP STD 0.0225|
KL coef: 0.36381451393612907
Train loss (one batch): 153.32350158691406
Train CE loss (one batch): 0.0
Test MSE: 0.0360
Poisson likelihood: 0.0
CE loss: 0.0
Experiment 75229
Epoch 0056 [Test seq (cond on sampled tp)] | Loss 166.168579 | Likelihood -166.700790 | KL fp 4.8953 | FP STD 0.0283|
KL coef: 0.37017636879676774
Train loss (one batch): 195.61087036132812
Train CE loss (one batch): 0.0
Test MSE: 0.0341
Poisson likelihood: 0.0
CE loss: 0.0
Experiment 75229
Epoch 0057 [Test seq (cond on sampled tp)] | Loss 151.398926 | Likelihood -151.800766 | KL fp 4.8601 | FP STD 0.0286|
KL coef: 0.37647460510880004
Train loss (one batch): 173.19619750976562
Train CE loss (one batch): 0.0
Test MSE: 0.0311
Poisson likelihood: 0.0
CE loss: 0.0
Experiment 75229
Epoch 0058 [Test seq (cond on sampled tp)] | Loss 203.118683 | Likelihood -203.399338 | KL fp 4.8531 | FP STD 0.0350|
KL coef: 0.38270985905771204
Train loss (one batch): 151.369140625
Train CE loss (one batch): 0.0
Test MSE: 0.0414
Poisson likelihood: 0.0
CE loss: 0.0
Experiment 75229
Epoch 0059 [Test seq (cond on sampled tp)] | Loss 179.155518 | Likelihood -178.620895 | KL fp 4.9648 | FP STD 0.0313|
KL coef: 0.388882760467135
Train loss (one batch): 219.2737579345703
Train CE loss (one batch): 0.0
Test MSE: 0.0365
Poisson likelihood: 0.0
CE loss: 0.0
Experiment 75229
Epoch 0060 [Test seq (cond on sampled tp)] | Loss 159.803329 | Likelihood -159.102020 | KL fp 5.2169 | FP STD 0.0291|
KL coef: 0.39499393286246365
Train loss (one batch): 144.521728515625
Train CE loss (one batch): 0.0
Test MSE: 0.0326
Poisson likelihood: 0.0
CE loss: 0.0
Experiment 75229
Epoch 0061 [Test seq (cond on sampled tp)] | Loss 308.839600 | Likelihood -311.646973 | KL fp 4.9362 | FP STD 0.0292|
KL coef: 0.401043993533839
Train loss (one batch): 230.4988250732422
Train CE loss (one batch): 0.0
Test MSE: 0.0631
Poisson likelihood: 0.0
CE loss: 0.0
Experiment 75229
Epoch 0062 [Test seq (cond on sampled tp)] | Loss 233.528839 | Likelihood -239.085938 | KL fp 5.0607 | FP STD 0.0272|
KL coef: 0.4070335535985006
Train loss (one batch): 338.1354675292969
Train CE loss (one batch): 0.0
Test MSE: 0.0486
Poisson likelihood: 0.0
CE loss: 0.0
Experiment 75229
Epoch 0063 [Test seq (cond on sampled tp)] | Loss 134.473434 | Likelihood -133.990143 | KL fp 4.7915 | FP STD 0.0492|
KL coef: 0.41296321806251557
Train loss (one batch): 139.23927307128906
Train CE loss (one batch): 0.0
Test MSE: 0.0275
Poisson likelihood: 0.0
CE loss: 0.0
Experiment 75229
Epoch 0064 [Test seq (cond on sampled tp)] | Loss 188.368195 | Likelihood -187.373047 | KL fp 5.0253 | FP STD 0.0459|
KL coef: 0.41883358588189046
Train loss (one batch): 157.32025146484375
Train CE loss (one batch): 0.0
Test MSE: 0.0382
Poisson likelihood: 0.0
CE loss: 0.0
Experiment 75229
Epoch 0065 [Test seq (cond on sampled tp)] | Loss 129.836670 | Likelihood -128.774689 | KL fp 5.2700 | FP STD 0.0396|
KL coef: 0.4246452500230715
Train loss (one batch): 141.9273681640625
Train CE loss (one batch): 0.0
Test MSE: 0.0265
Poisson likelihood: 0.0
CE loss: 0.0
Experiment 75229
Epoch 0066 [Test seq (cond on sampled tp)] | Loss 171.720901 | Likelihood -173.255112 | KL fp 4.9740 | FP STD 0.0461|
KL coef: 0.4303987975228408
Train loss (one batch): 129.11566162109375
Train CE loss (one batch): 0.0
Test MSE: 0.0354
Poisson likelihood: 0.0
CE loss: 0.0
Experiment 75229
Epoch 0067 [Test seq (cond on sampled tp)] | Loss 158.182053 | Likelihood -158.080063 | KL fp 4.9708 | FP STD 0.0374|
KL coef: 0.4360948095476125
Train loss (one batch): 126.08324432373047
Train CE loss (one batch): 0.0
Test MSE: 0.0324
Poisson likelihood: 0.0
CE loss: 0.0
Experiment 75229
Epoch 0068 [Test seq (cond on sampled tp)] | Loss 123.431114 | Likelihood -122.445641 | KL fp 4.8052 | FP STD 0.0400|
KL coef: 0.44173386145213633
Train loss (one batch): 129.65032958984375
Train CE loss (one batch): 0.0
Test MSE: 0.0252
Poisson likelihood: 0.0
CE loss: 0.0
Experiment 75229
Epoch 0069 [Test seq (cond on sampled tp)] | Loss 123.466576 | Likelihood -122.434875 | KL fp 5.1615 | FP STD 0.0384|
KL coef: 0.4473165228376149
Train loss (one batch): 126.31464385986328
Train CE loss (one batch): 0.0
Test MSE: 0.0252
Poisson likelihood: 0.0
CE loss: 0.0
Experiment 75229
Epoch 0070 [Test seq (cond on sampled tp)] | Loss 128.413818 | Likelihood -127.209801 | KL fp 5.1338 | FP STD 0.0335|
KL coef: 0.4528433576092388
Train loss (one batch): 123.75843048095703
Train CE loss (one batch): 0.0
Test MSE: 0.0262
Poisson likelihood: 0.0
CE loss: 0.0
Experiment 75229
Epoch 0071 [Test seq (cond on sampled tp)] | Loss 136.466583 | Likelihood -135.258759 | KL fp 5.2083 | FP STD 0.0290|
KL coef: 0.45831492403314644
Train loss (one batch): 133.379150390625
Train CE loss (one batch): 0.0
Test MSE: 0.0278
Poisson likelihood: 0.0
CE loss: 0.0
Experiment 75229
Epoch 0072 [Test seq (cond on sampled tp)] | Loss 124.336357 | Likelihood -123.062393 | KL fp 5.3620 | FP STD 0.0253|
KL coef: 0.463731774792815
Train loss (one batch): 116.2814712524414
Train CE loss (one batch): 0.0
Test MSE: 0.0253
Poisson likelihood: 0.0
CE loss: 0.0
Experiment 75229
Epoch 0073 [Test seq (cond on sampled tp)] | Loss 113.300972 | Likelihood -112.426346 | KL fp 5.0306 | FP STD 0.0283|
KL coef: 0.46909445704488684
Train loss (one batch): 117.23797607421875
Train CE loss (one batch): 0.0
Test MSE: 0.0232
Poisson likelihood: 0.0
CE loss: 0.0
Experiment 75229
Epoch 0074 [Test seq (cond on sampled tp)] | Loss 132.703232 | Likelihood -131.585953 | KL fp 5.3112 | FP STD 0.0245|
KL coef: 0.474403512474438
Train loss (one batch): 112.5720443725586
Train CE loss (one batch): 0.0
Test MSE: 0.0271
Poisson likelihood: 0.0
CE loss: 0.0
Experiment 75229
Epoch 0075 [Test seq (cond on sampled tp)] | Loss 367.007904 | Likelihood -390.463928 | KL fp 4.5860 | FP STD 0.0662|
KL coef: 0.4796594773496936
Train loss (one batch): 189.03762817382812
Train CE loss (one batch): 0.0
Test MSE: 0.0788
Poisson likelihood: 0.0
CE loss: 0.0
Experiment 75229
Epoch 0076 [Test seq (cond on sampled tp)] | Loss 133.118210 | Likelihood -133.881668 | KL fp 4.4739 | FP STD 0.0584|
KL coef: 0.4848628825761967
Train loss (one batch): 151.52801513671875
Train CE loss (one batch): 0.0
Test MSE: 0.0275
Poisson likelihood: 0.0
CE loss: 0.0
