/home/sihoon/works/DeepWNCS/run_Latent_ODE.py
run_Latent_ODE.py --niters 100 -n 50 -l 15 --dataset hopper --latent-ode --rec-dims 30 --gru-units 100 --units 300 --gen-layers 3 --rec-layers 3
Experiment 78629
Epoch 0001 [Test seq (cond on sampled tp)] | Loss 467171.562500 | Likelihood -481327.125000 | KL fp 1.9376 | FP STD 0.2910|
KL coef: 0.0
Train loss (one batch): 667887.8125
Train CE loss (one batch): 0.0
Test MSE: 0.9627
Poisson likelihood: 0.0
CE loss: 0.0
Experiment 78629
Epoch 0002 [Test seq (cond on sampled tp)] | Loss 326224.843750 | Likelihood -340861.562500 | KL fp 1.8331 | FP STD 0.3471|
KL coef: 0.0
Train loss (one batch): 473439.3125
Train CE loss (one batch): 0.0
Test MSE: 0.6817
Poisson likelihood: 0.0
CE loss: 0.0
Experiment 78629
Epoch 0003 [Test seq (cond on sampled tp)] | Loss 267646.812500 | Likelihood -270808.312500 | KL fp 2.0816 | FP STD 0.4154|
KL coef: 0.0
Train loss (one batch): 319094.3125
Train CE loss (one batch): 0.0
Test MSE: 0.5416
Poisson likelihood: 0.0
CE loss: 0.0
Experiment 78629
Epoch 0004 [Test seq (cond on sampled tp)] | Loss 179246.328125 | Likelihood -187109.062500 | KL fp 2.1727 | FP STD 0.3776|
KL coef: 0.0
Train loss (one batch): 264256.96875
Train CE loss (one batch): 0.0
Test MSE: 0.3742
Poisson likelihood: 0.0
CE loss: 0.0
Experiment 78629
Epoch 0005 [Test seq (cond on sampled tp)] | Loss 97605.773438 | Likelihood -98979.968750 | KL fp 2.6755 | FP STD 0.3567|
KL coef: 0.0
Train loss (one batch): 158782.265625
Train CE loss (one batch): 0.0
Test MSE: 0.1980
Poisson likelihood: 0.0
CE loss: 0.0
Experiment 78629
Epoch 0006 [Test seq (cond on sampled tp)] | Loss 96589.468750 | Likelihood -101691.875000 | KL fp 2.8136 | FP STD 0.4364|
KL coef: 0.0
Train loss (one batch): 84543.0859375
Train CE loss (one batch): 0.0
Test MSE: 0.2034
Poisson likelihood: 0.0
CE loss: 0.0
Experiment 78629
Epoch 0007 [Test seq (cond on sampled tp)] | Loss 67479.656250 | Likelihood -70367.210938 | KL fp 3.1184 | FP STD 0.3273|
KL coef: 0.0
Train loss (one batch): 93577.4375
Train CE loss (one batch): 0.0
Test MSE: 0.1407
Poisson likelihood: 0.0
CE loss: 0.0
Experiment 78629
Epoch 0008 [Test seq (cond on sampled tp)] | Loss 62493.839844 | Likelihood -63445.062500 | KL fp 3.6005 | FP STD 0.2094|
KL coef: 0.0
Train loss (one batch): 69611.3671875
Train CE loss (one batch): 0.0
Test MSE: 0.1269
Poisson likelihood: 0.0
CE loss: 0.0
Experiment 78629
Epoch 0009 [Test seq (cond on sampled tp)] | Loss 59830.324219 | Likelihood -61143.468750 | KL fp 3.4201 | FP STD 0.2424|
KL coef: 0.0
Train loss (one batch): 56218.65234375
Train CE loss (one batch): 0.0
Test MSE: 0.1223
Poisson likelihood: 0.0
CE loss: 0.0
Experiment 78629
Epoch 0010 [Test seq (cond on sampled tp)] | Loss 51819.261719 | Likelihood -53096.308594 | KL fp 3.2887 | FP STD 0.2849|
KL coef: 0.0
Train loss (one batch): 56331.86328125
Train CE loss (one batch): 0.0
Test MSE: 0.1062
Poisson likelihood: 0.0
CE loss: 0.0
Experiment 78629
Epoch 0011 [Test seq (cond on sampled tp)] | Loss 53291.511719 | Likelihood -55195.468750 | KL fp 3.4611 | FP STD 0.2798|
KL coef: 0.010000000000000009
Train loss (one batch): 50147.27734375
Train CE loss (one batch): 0.0
Test MSE: 0.1104
Poisson likelihood: 0.0
CE loss: 0.0
Experiment 78629
Epoch 0012 [Test seq (cond on sampled tp)] | Loss 46699.078125 | Likelihood -49729.179688 | KL fp 3.5646 | FP STD 0.2524|
KL coef: 0.01990000000000003
Train loss (one batch): 50117.51953125
Train CE loss (one batch): 0.0
Test MSE: 0.0995
Poisson likelihood: 0.0
CE loss: 0.0
Experiment 78629
Epoch 0013 [Test seq (cond on sampled tp)] | Loss 42320.406250 | Likelihood -45442.140625 | KL fp 3.9034 | FP STD 0.2145|
KL coef: 0.029700999999999977
Train loss (one batch): 44873.125
Train CE loss (one batch): 0.0
Test MSE: 0.0909
Poisson likelihood: 0.0
CE loss: 0.0
Experiment 78629
Epoch 0014 [Test seq (cond on sampled tp)] | Loss 40161.304688 | Likelihood -41264.820312 | KL fp 4.0903 | FP STD 0.1895|
KL coef: 0.039403990000000055
Train loss (one batch): 41219.6953125
Train CE loss (one batch): 0.0
Test MSE: 0.0825
Poisson likelihood: 0.0
CE loss: 0.0
Experiment 78629
Epoch 0015 [Test seq (cond on sampled tp)] | Loss 39492.718750 | Likelihood -40780.214844 | KL fp 4.5241 | FP STD 0.1548|
KL coef: 0.04900995010000009
Train loss (one batch): 37126.4140625
Train CE loss (one batch): 0.0
Test MSE: 0.0816
Poisson likelihood: 0.0
CE loss: 0.0
Experiment 78629
Epoch 0016 [Test seq (cond on sampled tp)] | Loss 37885.753906 | Likelihood -38242.507812 | KL fp 4.3689 | FP STD 0.1325|
KL coef: 0.058519850599
Train loss (one batch): 35201.0078125
Train CE loss (one batch): 0.0
Test MSE: 0.0765
Poisson likelihood: 0.0
CE loss: 0.0
Experiment 78629
Epoch 0017 [Test seq (cond on sampled tp)] | Loss 36716.886719 | Likelihood -37054.859375 | KL fp 4.4618 | FP STD 0.1395|
KL coef: 0.06793465209301008
Train loss (one batch): 32508.33203125
Train CE loss (one batch): 0.0
Test MSE: 0.0741
Poisson likelihood: 0.0
CE loss: 0.0
Experiment 78629
Epoch 0018 [Test seq (cond on sampled tp)] | Loss 34456.328125 | Likelihood -35146.261719 | KL fp 4.5030 | FP STD 0.1544|
KL coef: 0.07725530557207994
Train loss (one batch): 31953.287109375
Train CE loss (one batch): 0.0
Test MSE: 0.0703
Poisson likelihood: 0.0
CE loss: 0.0
Experiment 78629
Epoch 0019 [Test seq (cond on sampled tp)] | Loss 32161.304688 | Likelihood -33749.824219 | KL fp 4.6156 | FP STD 0.1588|
KL coef: 0.08648275251635917
Train loss (one batch): 29715.15625
Train CE loss (one batch): 0.0
Test MSE: 0.0675
Poisson likelihood: 0.0
CE loss: 0.0
Experiment 78629
Epoch 0020 [Test seq (cond on sampled tp)] | Loss 33005.023438 | Likelihood -34210.453125 | KL fp 4.6051 | FP STD 0.1480|
KL coef: 0.09561792499119559
Train loss (one batch): 31350.34375
Train CE loss (one batch): 0.0
Test MSE: 0.0684
Poisson likelihood: 0.0
CE loss: 0.0
Experiment 78629
Epoch 0021 [Test seq (cond on sampled tp)] | Loss 32666.289062 | Likelihood -35301.519531 | KL fp 4.4925 | FP STD 0.1318|
KL coef: 0.10466174574128362
Train loss (one batch): 30538.599609375
Train CE loss (one batch): 0.0
Test MSE: 0.0706
Poisson likelihood: 0.0
CE loss: 0.0
Experiment 78629
Epoch 0022 [Test seq (cond on sampled tp)] | Loss 32008.392578 | Likelihood -33120.164062 | KL fp 4.6961 | FP STD 0.1118|
KL coef: 0.11361512828387077
Train loss (one batch): 30453.771484375
Train CE loss (one batch): 0.0
Test MSE: 0.0663
Poisson likelihood: 0.0
CE loss: 0.0
Experiment 78629
Epoch 0023 [Test seq (cond on sampled tp)] | Loss 31992.583984 | Likelihood -32894.914062 | KL fp 4.6882 | FP STD 0.1008|
KL coef: 0.12247897700103216
Train loss (one batch): 29295.56640625
Train CE loss (one batch): 0.0
Test MSE: 0.0658
Poisson likelihood: 0.0
CE loss: 0.0
Experiment 78629
Epoch 0024 [Test seq (cond on sampled tp)] | Loss 32841.511719 | Likelihood -33182.078125 | KL fp 4.6395 | FP STD 0.1004|
KL coef: 0.13125418723102178
Train loss (one batch): 28598.568359375
Train CE loss (one batch): 0.0
Test MSE: 0.0664
Poisson likelihood: 0.0
CE loss: 0.0
Experiment 78629
Epoch 0025 [Test seq (cond on sampled tp)] | Loss 33122.050781 | Likelihood -33403.128906 | KL fp 4.2343 | FP STD 0.1216|
KL coef: 0.13994164535871156
Train loss (one batch): 28347.517578125
Train CE loss (one batch): 0.0
Test MSE: 0.0668
Poisson likelihood: 0.0
CE loss: 0.0
Experiment 78629
Epoch 0026 [Test seq (cond on sampled tp)] | Loss 33869.636719 | Likelihood -34166.812500 | KL fp 4.1016 | FP STD 0.1408|
KL coef: 0.14854222890512447
Train loss (one batch): 27838.533203125
Train CE loss (one batch): 0.0
Test MSE: 0.0683
Poisson likelihood: 0.0
CE loss: 0.0
Experiment 78629
Epoch 0027 [Test seq (cond on sampled tp)] | Loss 32342.527344 | Likelihood -33330.656250 | KL fp 4.1474 | FP STD 0.1344|
KL coef: 0.15705680661607324
Train loss (one batch): 28869.759765625
Train CE loss (one batch): 0.0
Test MSE: 0.0667
Poisson likelihood: 0.0
CE loss: 0.0
Experiment 78629
Epoch 0028 [Test seq (cond on sampled tp)] | Loss 34705.140625 | Likelihood -35475.570312 | KL fp 4.2977 | FP STD 0.1215|
KL coef: 0.1654862385499125
Train loss (one batch): 27975.94921875
Train CE loss (one batch): 0.0
Test MSE: 0.0710
Poisson likelihood: 0.0
CE loss: 0.0
Experiment 78629
Epoch 0029 [Test seq (cond on sampled tp)] | Loss 34802.855469 | Likelihood -35316.949219 | KL fp 4.5133 | FP STD 0.1120|
KL coef: 0.17383137616441335
Train loss (one batch): 28840.814453125
Train CE loss (one batch): 0.0
Test MSE: 0.0706
Poisson likelihood: 0.0
CE loss: 0.0
Experiment 78629
Epoch 0030 [Test seq (cond on sampled tp)] | Loss 34975.152344 | Likelihood -35756.789062 | KL fp 4.3396 | FP STD 0.1017|
KL coef: 0.18209306240276923
Train loss (one batch): 28488.4921875
Train CE loss (one batch): 0.0
Test MSE: 0.0715
Poisson likelihood: 0.0
CE loss: 0.0
Experiment 78629
Epoch 0031 [Test seq (cond on sampled tp)] | Loss 34479.363281 | Likelihood -34833.273438 | KL fp 4.6509 | FP STD 0.0829|
KL coef: 0.19027213177874158
Train loss (one batch): 28101.369140625
Train CE loss (one batch): 0.0
Test MSE: 0.0697
Poisson likelihood: 0.0
CE loss: 0.0
Experiment 78629
Epoch 0032 [Test seq (cond on sampled tp)] | Loss 34585.832031 | Likelihood -35540.363281 | KL fp 4.8777 | FP STD 0.0738|
KL coef: 0.19836941046095413
Train loss (one batch): 27651.21484375
Train CE loss (one batch): 0.0
Test MSE: 0.0711
Poisson likelihood: 0.0
CE loss: 0.0
Experiment 78629
Epoch 0033 [Test seq (cond on sampled tp)] | Loss 32806.285156 | Likelihood -33712.125000 | KL fp 4.7994 | FP STD 0.0776|
KL coef: 0.20638571635634462
Train loss (one batch): 27340.5859375
Train CE loss (one batch): 0.0
Test MSE: 0.0674
Poisson likelihood: 0.0
CE loss: 0.0
Experiment 78629
Epoch 0034 [Test seq (cond on sampled tp)] | Loss 33266.625000 | Likelihood -34956.906250 | KL fp 4.4859 | FP STD 0.0946|
KL coef: 0.21432185919278124
Train loss (one batch): 27134.1484375
Train CE loss (one batch): 0.0
Test MSE: 0.0699
Poisson likelihood: 0.0
CE loss: 0.0
Experiment 78629
Epoch 0035 [Test seq (cond on sampled tp)] | Loss 33504.179688 | Likelihood -34239.851562 | KL fp 4.4778 | FP STD 0.1000|
KL coef: 0.22217864060085335
Train loss (one batch): 27299.328125
Train CE loss (one batch): 0.0
Test MSE: 0.0685
Poisson likelihood: 0.0
CE loss: 0.0
Experiment 78629
Epoch 0036 [Test seq (cond on sampled tp)] | Loss 33442.562500 | Likelihood -34166.507812 | KL fp 4.4357 | FP STD 0.1021|
KL coef: 0.2299568541948449
Train loss (one batch): 27173.92578125
Train CE loss (one batch): 0.0
Test MSE: 0.0683
Poisson likelihood: 0.0
CE loss: 0.0
Experiment 78629
Epoch 0037 [Test seq (cond on sampled tp)] | Loss 34100.648438 | Likelihood -34385.531250 | KL fp 4.3079 | FP STD 0.1038|
KL coef: 0.23765728565289646
Train loss (one batch): 26873.138671875
Train CE loss (one batch): 0.0
Test MSE: 0.0688
Poisson likelihood: 0.0
CE loss: 0.0
Experiment 78629
Epoch 0038 [Test seq (cond on sampled tp)] | Loss 33448.757812 | Likelihood -33775.746094 | KL fp 4.2957 | FP STD 0.0990|
KL coef: 0.24528071279636743
Train loss (one batch): 26707.09375
Train CE loss (one batch): 0.0
Test MSE: 0.0676
Poisson likelihood: 0.0
CE loss: 0.0
Experiment 78629
Epoch 0039 [Test seq (cond on sampled tp)] | Loss 32577.371094 | Likelihood -32787.679688 | KL fp 4.7414 | FP STD 0.0761|
KL coef: 0.25282790566840385
Train loss (one batch): 26798.419921875
Train CE loss (one batch): 0.0
Test MSE: 0.0656
Poisson likelihood: 0.0
CE loss: 0.0
Experiment 78629
Epoch 0040 [Test seq (cond on sampled tp)] | Loss 32214.013672 | Likelihood -32365.583984 | KL fp 5.1180 | FP STD 0.0541|
KL coef: 0.2602996266117198
Train loss (one batch): 26523.6484375
Train CE loss (one batch): 0.0
Test MSE: 0.0647
Poisson likelihood: 0.0
CE loss: 0.0
Experiment 78629
Epoch 0041 [Test seq (cond on sampled tp)] | Loss 31329.824219 | Likelihood -31820.279297 | KL fp 5.2478 | FP STD 0.0461|
KL coef: 0.26769663034560254
Train loss (one batch): 26252.1328125
Train CE loss (one batch): 0.0
Test MSE: 0.0637
Poisson likelihood: 0.0
CE loss: 0.0
Experiment 78629
Epoch 0042 [Test seq (cond on sampled tp)] | Loss 31701.496094 | Likelihood -32230.531250 | KL fp 5.3018 | FP STD 0.0474|
KL coef: 0.2750196640421466
Train loss (one batch): 25982.91796875
Train CE loss (one batch): 0.0
Test MSE: 0.0645
Poisson likelihood: 0.0
CE loss: 0.0
Experiment 78629
Epoch 0043 [Test seq (cond on sampled tp)] | Loss 31422.462891 | Likelihood -31824.785156 | KL fp 5.2446 | FP STD 0.0540|
KL coef: 0.2822694674017251
Train loss (one batch): 25678.916015625
Train CE loss (one batch): 0.0
Test MSE: 0.0637
Poisson likelihood: 0.0
CE loss: 0.0
Experiment 78629
Epoch 0044 [Test seq (cond on sampled tp)] | Loss 32132.988281 | Likelihood -32903.027344 | KL fp 4.9235 | FP STD 0.0658|
KL coef: 0.2894467727277079
Train loss (one batch): 25966.453125
Train CE loss (one batch): 0.0
Test MSE: 0.0658
Poisson likelihood: 0.0
CE loss: 0.0
Experiment 78629
Epoch 0045 [Test seq (cond on sampled tp)] | Loss 31939.757812 | Likelihood -33182.656250 | KL fp 4.8930 | FP STD 0.0689|
KL coef: 0.29655230500043084
Train loss (one batch): 26606.11328125
Train CE loss (one batch): 0.0
Test MSE: 0.0664
Poisson likelihood: 0.0
CE loss: 0.0
Experiment 78629
Epoch 0046 [Test seq (cond on sampled tp)] | Loss 32159.849609 | Likelihood -32313.933594 | KL fp 4.6489 | FP STD 0.0711|
KL coef: 0.30358678195042654
Train loss (one batch): 26280.3125
Train CE loss (one batch): 0.0
Test MSE: 0.0646
Poisson likelihood: 0.0
CE loss: 0.0
Experiment 78629
Epoch 0047 [Test seq (cond on sampled tp)] | Loss 31964.894531 | Likelihood -32027.417969 | KL fp 4.6252 | FP STD 0.0692|
KL coef: 0.3105509141309223
Train loss (one batch): 26031.48046875
Train CE loss (one batch): 0.0
Test MSE: 0.0641
Poisson likelihood: 0.0
CE loss: 0.0
Experiment 78629
Epoch 0048 [Test seq (cond on sampled tp)] | Loss 31435.867188 | Likelihood -31646.273438 | KL fp 4.7220 | FP STD 0.0677|
KL coef: 0.31744540498961304
Train loss (one batch): 25783.37890625
Train CE loss (one batch): 0.0
Test MSE: 0.0633
Poisson likelihood: 0.0
CE loss: 0.0
Experiment 78629
Epoch 0049 [Test seq (cond on sampled tp)] | Loss 31487.306641 | Likelihood -32136.162109 | KL fp 4.6093 | FP STD 0.0751|
KL coef: 0.3242709509397169
Train loss (one batch): 25496.974609375
Train CE loss (one batch): 0.0
Test MSE: 0.0643
Poisson likelihood: 0.0
CE loss: 0.0
Experiment 78629
Epoch 0050 [Test seq (cond on sampled tp)] | Loss 32249.455078 | Likelihood -32530.898438 | KL fp 4.3957 | FP STD 0.0895|
KL coef: 0.3310282414303197
Train loss (one batch): 25698.296875
Train CE loss (one batch): 0.0
Test MSE: 0.0651
Poisson likelihood: 0.0
CE loss: 0.0
Experiment 78629
Epoch 0051 [Test seq (cond on sampled tp)] | Loss 31210.945312 | Likelihood -32158.949219 | KL fp 4.4661 | FP STD 0.0941|
KL coef: 0.33771795901601653
Train loss (one batch): 25813.662109375
Train CE loss (one batch): 0.0
Test MSE: 0.0643
Poisson likelihood: 0.0
CE loss: 0.0
Experiment 78629
Epoch 0052 [Test seq (cond on sampled tp)] | Loss 32291.482422 | Likelihood -32634.263672 | KL fp 4.5625 | FP STD 0.0925|
KL coef: 0.3443407794258564
Train loss (one batch): 25604.470703125
Train CE loss (one batch): 0.0
Test MSE: 0.0653
Poisson likelihood: 0.0
CE loss: 0.0
Experiment 78629
Epoch 0053 [Test seq (cond on sampled tp)] | Loss 30896.142578 | Likelihood -32114.621094 | KL fp 4.6279 | FP STD 0.0884|
KL coef: 0.35089737163159784
Train loss (one batch): 25671.6015625
Train CE loss (one batch): 0.0
Test MSE: 0.0642
Poisson likelihood: 0.0
CE loss: 0.0
Experiment 78629
Epoch 0054 [Test seq (cond on sampled tp)] | Loss 32126.458984 | Likelihood -32363.109375 | KL fp 4.5386 | FP STD 0.0857|
KL coef: 0.3573883979152819
Train loss (one batch): 25378.96484375
Train CE loss (one batch): 0.0
Test MSE: 0.0647
Poisson likelihood: 0.0
CE loss: 0.0
Experiment 78629
Epoch 0055 [Test seq (cond on sampled tp)] | Loss 32277.085938 | Likelihood -32931.437500 | KL fp 4.6239 | FP STD 0.0789|
KL coef: 0.36381451393612907
Train loss (one batch): 25154.166015625
Train CE loss (one batch): 0.0
Test MSE: 0.0659
Poisson likelihood: 0.0
CE loss: 0.0
Experiment 78629
Epoch 0056 [Test seq (cond on sampled tp)] | Loss 30325.296875 | Likelihood -31487.203125 | KL fp 4.9856 | FP STD 0.0658|
KL coef: 0.37017636879676774
Train loss (one batch): 25708.591796875
Train CE loss (one batch): 0.0
Test MSE: 0.0630
Poisson likelihood: 0.0
CE loss: 0.0
Experiment 78629
Epoch 0057 [Test seq (cond on sampled tp)] | Loss 30910.736328 | Likelihood -31272.433594 | KL fp 4.8626 | FP STD 0.0682|
KL coef: 0.37647460510880004
Train loss (one batch): 25321.916015625
Train CE loss (one batch): 0.0
Test MSE: 0.0626
Poisson likelihood: 0.0
CE loss: 0.0
Experiment 78629
Epoch 0058 [Test seq (cond on sampled tp)] | Loss 31472.583984 | Likelihood -32143.554688 | KL fp 4.5489 | FP STD 0.0810|
KL coef: 0.38270985905771204
Train loss (one batch): 25446.16796875
Train CE loss (one batch): 0.0
Test MSE: 0.0643
Poisson likelihood: 0.0
CE loss: 0.0
